<?xml version="1.0" encoding="UTF-8"?>
<Site BuildName="Linux-c++"
	BuildStamp="20240712-1614-Experimental"
	Name="oai-gnb"
	Generator="ctest-3.29.4"
	CompilerName="/usr/bin/c++"
	CompilerVersion="11.4.0"
	OSName="Linux"
	Hostname="oai-gnb"
	OSRelease="6.5.0-35-generic"
	OSVersion="#35~22.04.1-Ubuntu SMP PREEMPT_DYNAMIC Tue May  7 09:00:52 UTC 2"
	OSPlatform="x86_64"
	Is64Bits="1"
	VendorString="GenuineIntel"
	VendorID="Intel Corporation"
	FamilyID="6"
	ModelID="85"
	ProcessorCacheSize="19712"
	NumberOfLogicalCPU="28"
	NumberOfPhysicalCPU="14"
	TotalVirtualMemory="2047"
	TotalPhysicalMemory="31794"
	LogicalProcessorsPerPhysical="2"
	ProcessorClockFrequency="1199.65"
	>
	<Testing>
		<StartDateTime>Jul 12 17:17 EDT</StartDateTime>
		<StartTestTime>1720819061</StartTestTime>
		<TestList/>
		<EndDateTime>Jul 12 17:17 EDT</EndDateTime>
		<EndTestTime>1720819061</EndTestTime>
		<ElapsedMinutes>0</ElapsedMinutes>
	</Testing>
</Site>
